 PE_INFO: Number of PE detected       :    2 
 GIC_INFO: Number of GICD             :    1 
 GIC_INFO: Number of ITS              :    1 
 TIMER_INFO: Number of system timers  :    0 
 WATCHDOG_INFO: Number of Watchdogs   :    0 
 PCIE_INFO: Number of ECAM regions    :    1 
 PCIE_INFO: Number of RCiEP           :    7 
 PCIE_INFO: Number of RCEC            :    1 
 PCIE_INFO: Number of EP              :    0 
 PCIE_INFO: Number of RP              :    0 
 PCIE_INFO: Number of iEP_EP          :    0 
 PCIE_INFO: Number of iEP_RP          :    0 
 SMMU_INFO: Number of SMMU CTRL       :    0 
 Peripheral: Num of USB controllers   :    0 
 Peripheral: Num of SATA controllers  :    0 
 Peripheral: Num of UART controllers  :    2 

Operating System View:
   1 : Check Arch symmetry across PE              : Result:  PASS 
   2 : Check for number of PE                     : Result:  PASS 
   3 : Check for AdvSIMD and FP support           : Result:  PASS 
   4 : Check PE 4KB Granule Support               : Result:  PASS 
   5 : Check HW Coherence support                 : Result:  PASS 
   6 : Check Cryptographic extensions        
       Failed on PE -    0
       B_PE_06
       Checkpoint --  1                           : Result:  FAIL 
   7 : Check Little Endian support                : Result:  PASS 
   8 : Check EL1 and EL0 implementation           : Result:  PASS 
   9 : Check for PMU and PMU counters             : Result:  PASS 
  10 : Check PMU Overflow signal                  : Result:  PASS 
  11 : Check num of Breakpoints and type          : Result:  PASS 
  12 : Check Synchronous Watchpoints              : Result:  PASS 
  13 : Check CRC32 instruction support            : Result:  PASS 
  14 : Check PAuth if implementation         
       B_PE_15
       Checkpoint --  1                           : Result:  SKIPPED 
  15 : Check SPE if implemented              
       B_PE_17
       Checkpoint --  1                           : Result:  SKIPPED 
  16 : Check Speculation Restriction         
       Failed on PE -    0
       B_SEC_01
       Checkpoint --  1                           : Result:  FAIL 
  17 : Check Speculative Str Bypass Safe     
       Failed on PE -    0
       B_SEC_02
       Checkpoint --  1                           : Result:  FAIL 
  18 : Check PEs Impl CSDB,SSBB,PSSBB        
       Failed on PE -    0
       B_SEC_03
       Checkpoint --  1                           : Result:  FAIL 
  19 : Check PEs Implement SB Barrier        
       Failed on PE -    0
       B_SEC_04
       Checkpoint --  1                           : Result:  FAIL 
  20 : Check PE Impl CFP,DVP,CPP RCTX        
       Failed on PE -    0
       B_SEC_05
       Checkpoint --  1                           : Result:  FAIL 

      *** One or more tests have Failed/Skipped.*** 

Operating System View:
 102 : Mem Access Response in finite time         : Result:  PASS 
 103 : PE must access all NS addr space           : Result:  PASS 

      All Memory tests have passed!! 

Operating System View:
 201 : Check GIC version                          : Result:  PASS 
 202 : Check GICv2 Valid Configuration       
       B_GIC_02
       Checkpoint --  1                           : Result:  SKIPPED 
 203 : If PCIe, GICv3 then ITS, LPI               : Result:  PASS 
 204 : Check GICv3 Security States                : Result:  PASS 
 205 : Non-secure SGIs are implemented            : Result:  PASS 
 206 : Check PPI Assignments for OS               : Result:  PASS 

      No GICv2m, Skipping all GICv2m tests 

      No ITS, Skipping all ITS tests 

      *** One or more tests have Failed/Skipped.*** 

     No SMMU Controller Found, Skipping SMMU tests...

Operating System View:
 401 : Check Counter Frequency                    : Result:  PASS 
 402 : SYS Timer if PE Timer not ON          
       PE Timers are not always-on 
&       No system wake up timer
       Failed on PE -    0
       B_TIME_06
       Checkpoint --  1                           : Result:  FAIL 
 403 : Memory mapped timer check             
       B_TIME_07, B_TIME_10
       Checkpoint --  1                           : Result:  SKIPPED 
 404 : Generate Mem Mapped SYS Timer Intr    
       B_TIME_08
       Checkpoint --  1                           : Result:  SKIPPED 
 405 : Restore PE timer on PE wake up        
       B_TIME_09
       Checkpoint --  1                           : Result:  SKIPPED 

      *** One or more tests have Failed/Skipped.*** 

Operating System View:
 501 : Wake from Watchdog WS0 Int            
       B_WAK_01, B_WAK_02-07, B_WAK_10-11
       Checkpoint --  1                           : Result:  SKIPPED 
 502 : Wake from System Timer Int            
       B_WAK_01, B_WAK_02-07, B_WAK_10-11
       Checkpoint --  1                           : Result:  SKIPPED 
 503 : Wake from EL0 PHY Timer Int                : Result:  PASS 
 504 : Wake from EL0 VIR Timer Int                : Result:  PASS 
 505 : Wake from EL2 PHY Timer Int                : Result:  PASS 

      *** One or more tests have Failed/Skipped.*** 

Operating System View:
 603 : Check Arm BSA UART register offsets   
       B_PER_05
       Checkpoint --  1                           : Result:  SKIPPED 
 606 : 16550 compatible UART                 
        Baud rate 0 outside supported range for instance 1
   Loopback test mode failed for instance: 1
   Loopback test mode failed for instance: 0
       Failed on PE -    0
       B_PER_06
       Checkpoint --  2                           : Result:  FAIL 

      *** One or more tests have Failed/Skipped.*** 

Operating System View:
 801 : Check ECAM Presence                        : Result:  PASS 
 802 : PE - ECAM Region accessiblity check        : Result:  PASS 
 803 : All EP/Sw under RP in same ECAM Region
       PCI_IN_04
       Checkpoint --  1                           : Result:  SKIPPED 
 804 : PHB,RP must recognize Txn frm upstream
       PCI_IN_13
       Checkpoint --  1                           : Result:  SKIPPED 
 805 : Check ATS Support Rule                
       RE_SMU_2
       Checkpoint --  1                           : Result:  SKIPPED 
 806 : Legacy int must be SPI & lvl-sensitive
       PCI_LI_01, PCI_LI_03
       Checkpoint --  2                           : Result:  SKIPPED 
 808 : Check all 1's for out of range        
 Bus index exceeded END_BUS Number
       PCI_IN_16
       Checkpoint --  2                           : Result:  SKIPPED 
 809 : Vendor specfic data are PCIe compliant     : Result:  PASS 
 810 : Read and write to RCiEP BAR reg            : Result:  PASS 
 811 : Check RP Byte Enable Rules            
       PCI_IN_18
       Checkpoint --  1                           : Result:  SKIPPED 
 812 : Check Power Management rules               : Result:  PASS 
 813 : Check RCEC Class code and Ext Cap          : Result:  PASS 
 814 : Check RCiEP Hdr type & link Cap            : Result:  PASS 
 815 : Check RCiEP P2P Supp                  
       RE_ACS_1, RE_ACS_2
       Checkpoint --  1                           : Result:  SKIPPED 
 816 : Check MSI and MSI-X support rule           : Result:  PASS 
 817 : Check Direct Transl P2P Support       
       PCI_PP_05
       Checkpoint --  1                           : Result:  SKIPPED 
 818 : Check RP Adv Error Report             
       PCI_PP_05
       Checkpoint --  1                           : Result:  SKIPPED 
 819 : RP must suprt ACS if P2P Txn are allow
       PCI_PP_03
       Checkpoint --  1                           : Result:  SKIPPED 
 820 : Type 0/1 common config rule                : Result:  PASS 
 821 : Type 0 config header rules                 : Result:  PASS 
 822 : Check Type 1 config header rules      
       RE_REC_1, RE_REC_2
       Checkpoint --  1                           : Result:  SKIPPED 
 823 : PCIe capability rules                 
       RE_REG_3, RE_REC_1, RE_REC_2
       Checkpoint --  1                           : Result:  SKIPPED 
 824 : Device capabilities reg rule          
       BDF 0x0 : ETFS value mismatch
       BDF 0x0 : RBER value mismatch
       BDF 0x1 : ETFS value mismatch
       BDF 0x1 : RBER value mismatch
       BDF 0x2 : ETFS value mismatch
       BDF 0x2 : RBER value mismatch
       BDF 0x3 : ETFS value mismatch
       BDF 0x3 : RBER value mismatch
       BDF 0x4 : ETFS value mismatch
       BDF 0x4 : RBER value mismatch
       BDF 0x5 : ETFS value mismatch
       BDF 0x5 : RBER value mismatch
       BDF 0x6 : ETFS value mismatch
       BDF 0x6 : RBER value mismatch
       BDF 0x1F00 : ETFS value mismatch
       BDF 0x1F00 : RBER value mismatch
       Failed on PE -    0
       RE_REG_3, RE_REC_1, RE_REC_2
       Checkpoint -- 16                           : Result:  FAIL 
 825 : Device Control register rule          
       BDF 0x0 : WARNING PFE attribute mismatch
       BDF 0x0 : WARNING APPE attribute mismatch
       BDF 0x1 : WARNING PFE attribute mismatch
       BDF 0x1 : WARNING APPE attribute mismatch
       BDF 0x2 : WARNING PFE attribute mismatch
       BDF 0x2 : WARNING APPE attribute mismatch
       BDF 0x3 : WARNING PFE attribute mismatch
       BDF 0x3 : WARNING APPE attribute mismatch
       BDF 0x4 : WARNING PFE attribute mismatch
       BDF 0x4 : WARNING APPE attribute mismatch
       BDF 0x5 : WARNING PFE attribute mismatch
       BDF 0x5 : WARNING APPE attribute mismatch
       BDF 0x6 : WARNING PFE attribute mismatch
       BDF 0x6 : WARNING APPE attribute mismatch
       BDF 0x1F00 : WARNING PFE attribute mismatch
       BDF 0x1F00 : WARNING APPE attribute mismatch     : Result:  PASS 
 826 : Device cap 2 register rules           
       BDF 0x0 : WARNING EFFS value mismatch
       BDF 0x1 : WARNING EFFS value mismatch
       BDF 0x2 : WARNING EFFS value mismatch
       BDF 0x3 : WARNING EFFS value mismatch
       BDF 0x4 : WARNING EFFS value mismatch
       BDF 0x5 : WARNING EFFS value mismatch
       BDF 0x6 : WARNING EFFS value mismatch
       BDF 0x1F00 : WARNING EFFS value mismatch     : Result:  PASS 
 827 : Device control 2 reg rules                 : Result:  PASS 
 828 : Power management cap rules                 : Result:  PASS 
 829 : Power management/status rule               : Result:  PASS 
 830 : Check Cmd Reg memory space enable     
       RE_REC_1, RE_REC_2
       Checkpoint --  1                           : Result:  SKIPPED 
 831 : Check Type0/1 BIST Register rule           : Result:  PASS 
 832 : Check HDR CapPtr Register rule             : Result:  PASS 
 833 : Check Max payload size supported           : Result:  PASS 
 834 : Check BAR mem space & Type rule       
       RE_BAR_3
       Checkpoint --  1                           : Result:  SKIPPED 
 835 : Check Function level reset                 : Result:  PASS 
 836 : Check ARI forwarding enable rule      
       PCI_IN_17
       Checkpoint --  1                           : Result:  SKIPPED 

      *** One or more tests have Failed/Skipped.*** 

     No Exerciser Devices Found, Skipping tests...

     ------------------------------------------------------- 
     Total Tests run  =   75;  Tests Passed  =   42  Tests Failed =    9
     --------------------------------------------------------- 
